<?xml version="1.0" encoding="UTF-8"?>
<!-- Generated by org.testng.reporters.JUnitXMLReporter -->
<testsuite ignored="19" hostname="DESKTOP-UD0VP2U" failures="1" tests="1" name="Test" time="5.746" errors="0" timestamp="2025-06-10T14:22:09 IST">
  <testcase classname="tutorialsNinjaAllTestCases.RegisteAllTest" name="validateRegisterAcountwhetherTheMandatoryFieldsAreAcceptingOnlySpaces" time="1.048">
    <failure type="org.openqa.selenium.NoSuchElementException" message="no such element: Unable to locate element: {&amp;quot;method&amp;quot;:&amp;quot;xpath&amp;quot;,&amp;quot;selector&amp;quot;:&amp;quot;//input[@id=&amp;apos;input-telephone&amp;apos;]/following-sibling::div&amp;quot;}
  (Session info: chrome=137.0.7151.69)
For documentation on this error, please visit: https://www.selenium.dev/documentation/webdriver/troubleshooting/errors#no-such-element-exception
Build info: version: &amp;apos;4.32.0&amp;apos;, revision: &amp;apos;d17c8aa950&amp;apos;
System info: os.name: &amp;apos;Windows 10&amp;apos;, os.arch: &amp;apos;amd64&amp;apos;, os.version: &amp;apos;10.0&amp;apos;, java.version: &amp;apos;17.0.10&amp;apos;
Driver info: org.openqa.selenium.chrome.ChromeDriver
Command: [126cf4e0d183c29e0c00a7bf7f8c373f, findElement {using=xpath, value=//input[@id=&amp;apos;input-telephone&amp;apos;]/following-sibling::div}]
Capabilities {acceptInsecureCerts: false, browserName: chrome, browserVersion: 137.0.7151.69, chrome: {chromedriverVersion: 137.0.7151.68 (2989ffee9373..., userDataDir: C:\Users\LENOVO\AppData\Loc...}, fedcm:accounts: true, goog:chromeOptions: {debuggerAddress: localhost:58589}, networkConnectionEnabled: false, pageLoadStrategy: normal, platformName: windows, proxy: Proxy(), se:cdp: ws://localhost:58589/devtoo..., se:cdpVersion: 137.0.7151.69, setWindowRect: true, strictFileInteractability: false, timeouts: {implicit: 0, pageLoad: 300000, script: 30000}, unhandledPromptBehavior: dismiss and notify, webauthn:extension:credBlob: true, webauthn:extension:largeBlob: true, webauthn:extension:minPinLength: true, webauthn:extension:prf: true, webauthn:virtualAuthenticators: true}
Session ID: 126cf4e0d183c29e0c00a7bf7f8c373f">
      <![CDATA[org.openqa.selenium.NoSuchElementException: no such element: Unable to locate element: {"method":"xpath","selector":"//input[@id='input-telephone']/following-sibling::div"}
  (Session info: chrome=137.0.7151.69)
For documentation on this error, please visit: https://www.selenium.dev/documentation/webdriver/troubleshooting/errors#no-such-element-exception
Build info: version: '4.32.0', revision: 'd17c8aa950'
System info: os.name: 'Windows 10', os.arch: 'amd64', os.version: '10.0', java.version: '17.0.10'
Driver info: org.openqa.selenium.chrome.ChromeDriver
Command: [126cf4e0d183c29e0c00a7bf7f8c373f, findElement {using=xpath, value=//input[@id='input-telephone']/following-sibling::div}]
Capabilities {acceptInsecureCerts: false, browserName: chrome, browserVersion: 137.0.7151.69, chrome: {chromedriverVersion: 137.0.7151.68 (2989ffee9373..., userDataDir: C:\Users\LENOVO\AppData\Loc...}, fedcm:accounts: true, goog:chromeOptions: {debuggerAddress: localhost:58589}, networkConnectionEnabled: false, pageLoadStrategy: normal, platformName: windows, proxy: Proxy(), se:cdp: ws://localhost:58589/devtoo..., se:cdpVersion: 137.0.7151.69, setWindowRect: true, strictFileInteractability: false, timeouts: {implicit: 0, pageLoad: 300000, script: 30000}, unhandledPromptBehavior: dismiss and notify, webauthn:extension:credBlob: true, webauthn:extension:largeBlob: true, webauthn:extension:minPinLength: true, webauthn:extension:prf: true, webauthn:virtualAuthenticators: true}
Session ID: 126cf4e0d183c29e0c00a7bf7f8c373f
at org.openqa.selenium.remote.ErrorCodec.decode(ErrorCodec.java:167)
at org.openqa.selenium.remote.codec.w3c.W3CHttpResponseCodec.decode(W3CHttpResponseCodec.java:138)
at org.openqa.selenium.remote.codec.w3c.W3CHttpResponseCodec.decode(W3CHttpResponseCodec.java:50)
at org.openqa.selenium.remote.HttpCommandExecutor.execute(HttpCommandExecutor.java:215)
at org.openqa.selenium.remote.service.DriverCommandExecutor.invokeExecute(DriverCommandExecutor.java:216)
at org.openqa.selenium.remote.service.DriverCommandExecutor.execute(DriverCommandExecutor.java:174)
at org.openqa.selenium.remote.RemoteWebDriver.execute(RemoteWebDriver.java:545)
at org.openqa.selenium.remote.ElementLocation$ElementFinder$2.findElement(ElementLocation.java:165)
at org.openqa.selenium.remote.ElementLocation.findElement(ElementLocation.java:59)
at org.openqa.selenium.remote.RemoteWebDriver.findElement(RemoteWebDriver.java:368)
at org.openqa.selenium.remote.RemoteWebDriver.findElement(RemoteWebDriver.java:362)
at org.openqa.selenium.support.pagefactory.DefaultElementLocator.findElement(DefaultElementLocator.java:68)
at org.openqa.selenium.support.pagefactory.internal.LocatingElementHandler.invoke(LocatingElementHandler.java:38)
at jdk.proxy2/jdk.proxy2.$Proxy12.getText(Unknown Source)
at pageObjectsRepo.RegisterPage.getTelephoneWarning(RegisterPage.java:157)
at tutorialsNinjaAllTestCases.RegisteAllTest.validateRegisterAcountwhetherTheMandatoryFieldsAreAcceptingOnlySpaces(RegisteAllTest.java:346)
at java.base/java.util.ArrayList.forEach(ArrayList.java:1511)
... Removed 32 stack frames]]>
    </failure>
  </testcase> <!-- validateRegisterAcountwhetherTheMandatoryFieldsAreAcceptingOnlySpaces -->
  <testcase classname="tutorialsNinjaAllTestCases.RegisteAllTest" name="verifyRegisterAccountInAllEnvironments" time="0.0">
    <ignored/>
  </testcase> <!-- verifyRegisterAccountInAllEnvironments -->
  <testcase classname="tutorialsNinjaAllTestCases.RegisteAllTest" name="verifyRegistingAccountUsingMandtoryFields" time="0.0">
    <ignored/>
  </testcase> <!-- verifyRegistingAccountUsingMandtoryFields -->
  <testcase classname="tutorialsNinjaAllTestCases.RegisteAllTest" name="verifyRegisterAccountByFillingPasswordAndNotFillingPasswordConfirmField" time="0.0">
    <ignored/>
  </testcase> <!-- verifyRegisterAccountByFillingPasswordAndNotFillingPasswordConfirmField -->
  <testcase classname="tutorialsNinjaAllTestCases.RegisteAllTest" name="verifyRegisteringAccountwothoutSelectPrivacyPolicyField" time="0.0">
    <ignored/>
  </testcase> <!-- verifyRegisteringAccountwothoutSelectPrivacyPolicyField -->
  <testcase classname="tutorialsNinjaAllTestCases.RegisteAllTest" name="verifyRegisterWhenNoOptionIsSelectedForNewsletterField" time="0.0">
    <ignored/>
  </testcase> <!-- verifyRegisterWhenNoOptionIsSelectedForNewsletterField -->
  <testcase classname="tutorialsNinjaAllTestCases.RegisteAllTest" name="verifyRegisterWithoutProvidingAnyFields" time="0.0">
    <ignored/>
  </testcase> <!-- verifyRegisterWithoutProvidingAnyFields -->
  <testcase classname="tutorialsNinjaAllTestCases.RegisteAllTest" name="verifyRegisterAccountWhetheTheePrivacyPolicyFieldNotSelectedByDefault" time="0.0">
    <ignored/>
  </testcase> <!-- verifyRegisterAccountWhetheTheePrivacyPolicyFieldNotSelectedByDefault -->
  <testcase classname="tutorialsNinjaAllTestCases.RegisteAllTest" name="verifyRegisteringAccountByProvidingMismatchingPasswords" time="0.0">
    <ignored/>
  </testcase> <!-- verifyRegisteringAccountByProvidingMismatchingPasswords -->
  <testcase classname="tutorialsNinjaAllTestCases.RegisteAllTest" name="verifyRegisteringAccountByProvidingExistingAcountDetails" time="0.0">
    <ignored/>
  </testcase> <!-- verifyRegisteringAccountByProvidingExistingAcountDetails -->
  <testcase classname="tutorialsNinjaAllTestCases.RegisteAllTest" name="verifyRegisteringAccountPasswordFieldsForSecurity" time="0.0">
    <ignored/>
  </testcase> <!-- verifyRegisteringAccountPasswordFieldsForSecurity -->
  <testcase classname="tutorialsNinjaAllTestCases.RegisteAllTest" name="validateregisteringAnAccountByprovidingAllTheFields" time="0.0">
    <ignored/>
  </testcase> <!-- validateregisteringAnAccountByprovidingAllTheFields -->
  <testcase classname="tutorialsNinjaAllTestCases.RegisteAllTest" name="validateDifferentWysOfNavigatingToRegisterAccountPage" time="0.0">
    <ignored/>
  </testcase> <!-- validateDifferentWysOfNavigatingToRegisterAccountPage -->
  <testcase classname="tutorialsNinjaAllTestCases.RegisteAllTest" name="verifyRegisterAccountByKeyboardKeys" time="0.0">
    <ignored/>
  </testcase> <!-- verifyRegisterAccountByKeyboardKeys -->
  <testcase classname="tutorialsNinjaAllTestCases.RegisteAllTest" name="verifyRegisterWhenYesOptionIsSelectedForNewsletterField" time="0.0">
    <ignored/>
  </testcase> <!-- verifyRegisterWhenYesOptionIsSelectedForNewsletterField -->
  <testcase classname="tutorialsNinjaAllTestCases.RegisteAllTest" name="verifyRegisterAccountPageBreadcrumbURLTitleHeading" time="0.0">
    <ignored/>
  </testcase> <!-- verifyRegisterAccountPageBreadcrumbURLTitleHeading -->
  <testcase classname="tutorialsNinjaAllTestCases.RegisteAllTest" name="verifyRegisterAccountUsingLeadingAndTrailingSpacesAreTrimmedAutomatic" time="0.0">
    <ignored/>
  </testcase> <!-- verifyRegisterAccountUsingLeadingAndTrailingSpacesAreTrimmedAutomatic -->
  <testcase classname="tutorialsNinjaAllTestCases.RegisteAllTest" name="verifyRegisteringAccountByProvidingInvalidePhoneNumber" time="0.0">
    <ignored/>
  </testcase> <!-- verifyRegisteringAccountByProvidingInvalidePhoneNumber -->
  <testcase classname="tutorialsNinjaAllTestCases.RegisteAllTest" name="verifyRegisteringAccountByProvidingInvalideEmail" time="0.0">
    <ignored/>
  </testcase> <!-- verifyRegisteringAccountByProvidingInvalideEmail -->
  <testcase classname="tutorialsNinjaAllTestCases.RegisteAllTest" name="verifyRegisterAccountPagePlaceholders" time="0.0">
    <ignored/>
  </testcase> <!-- verifyRegisterAccountPagePlaceholders -->
</testsuite> <!-- Test -->
